Build started 04-06-2017 23:17:05.
     1>Project "C:\Users\Srikara\documents\visual studio 2010\Projects\Smart_India_bySBS_SGN\Smart_India_bySBS_SGN\Smart_India_bySBS_SGN.vcxproj" on node 2 (build target(s)).
     1>InitializeBuildStatus:
         Creating "Debug\Smart_India_bySBS_SGN.unsuccessfulbuild" because "AlwaysCreate" was specified.
       ClCompile:
         c:\Program Files (x86)\Microsoft Visual Studio 10.0\VC\bin\CL.exe /c /ZI /nologo /W3 /WX- /Od /Oy- /D WIN32 /D _DEBUG /D _CONSOLE /D _UNICODE /D UNICODE /Gm /EHsc /RTC1 /MDd /GS /fp:precise /Zc:wchar_t /Zc:forScope /Fo"Debug\\" /Fd"Debug\vc100.pdb" /Gd /TP /analyze- /errorReport:prompt smart.cpp
         smart.cpp
     1>c:\users\srikara\documents\visual studio 2010\projects\smart_india_bysbs_sgn\smart_india_bysbs_sgn\smart.cpp(37): warning C4018: '<' : signed/unsigned mismatch
     1>c:\users\srikara\documents\visual studio 2010\projects\smart_india_bysbs_sgn\smart_india_bysbs_sgn\smart.cpp(43): warning C4018: '<' : signed/unsigned mismatch
     1>c:\users\srikara\documents\visual studio 2010\projects\smart_india_bysbs_sgn\smart_india_bysbs_sgn\smart.cpp(49): warning C4018: '<' : signed/unsigned mismatch
     1>c:\users\srikara\documents\visual studio 2010\projects\smart_india_bysbs_sgn\smart_india_bysbs_sgn\smart.cpp(55): warning C4018: '<' : signed/unsigned mismatch
     1>c:\users\srikara\documents\visual studio 2010\projects\smart_india_bysbs_sgn\smart_india_bysbs_sgn\smart.cpp(62): warning C4018: '<' : signed/unsigned mismatch
     1>c:\users\srikara\documents\visual studio 2010\projects\smart_india_bysbs_sgn\smart_india_bysbs_sgn\smart.cpp(68): warning C4018: '<' : signed/unsigned mismatch
     1>c:\users\srikara\documents\visual studio 2010\projects\smart_india_bysbs_sgn\smart_india_bysbs_sgn\smart.cpp(74): warning C4018: '<' : signed/unsigned mismatch
     1>c:\users\srikara\documents\visual studio 2010\projects\smart_india_bysbs_sgn\smart_india_bysbs_sgn\smart.cpp(80): warning C4018: '<' : signed/unsigned mismatch
     1>c:\users\srikara\documents\visual studio 2010\projects\smart_india_bysbs_sgn\smart_india_bysbs_sgn\smart.cpp(86): warning C4018: '<' : signed/unsigned mismatch
     1>c:\users\srikara\documents\visual studio 2010\projects\smart_india_bysbs_sgn\smart_india_bysbs_sgn\smart.cpp(92): warning C4018: '<' : signed/unsigned mismatch
     1>c:\users\srikara\documents\visual studio 2010\projects\smart_india_bysbs_sgn\smart_india_bysbs_sgn\smart.cpp(99): warning C4018: '<' : signed/unsigned mismatch
     1>c:\users\srikara\documents\visual studio 2010\projects\smart_india_bysbs_sgn\smart_india_bysbs_sgn\smart.cpp(106): warning C4018: '<' : signed/unsigned mismatch
     1>c:\users\srikara\documents\visual studio 2010\projects\smart_india_bysbs_sgn\smart_india_bysbs_sgn\smart.cpp(112): warning C4018: '<' : signed/unsigned mismatch
     1>c:\users\srikara\documents\visual studio 2010\projects\smart_india_bysbs_sgn\smart_india_bysbs_sgn\smart.cpp(118): warning C4018: '<' : signed/unsigned mismatch
     1>c:\users\srikara\documents\visual studio 2010\projects\smart_india_bysbs_sgn\smart_india_bysbs_sgn\smart.cpp(125): warning C4018: '<' : signed/unsigned mismatch
     1>c:\users\srikara\documents\visual studio 2010\projects\smart_india_bysbs_sgn\smart_india_bysbs_sgn\smart.cpp(2515): warning C4101: 'a' : unreferenced local variable
       ManifestResourceCompile:
         All outputs are up-to-date.
       Link:
         c:\Program Files (x86)\Microsoft Visual Studio 10.0\VC\bin\link.exe /ERRORREPORT:PROMPT /OUT:"C:\Users\Srikara\documents\visual studio 2010\Projects\Smart_India_bySBS_SGN\Debug\Smart_India_bySBS_SGN.exe" /INCREMENTAL /NOLOGO winmm.lib kernel32.lib user32.lib gdi32.lib winspool.lib comdlg32.lib advapi32.lib shell32.lib ole32.lib oleaut32.lib uuid.lib odbc32.lib odbccp32.lib /MANIFEST /ManifestFile:"Debug\Smart_India_bySBS_SGN.exe.intermediate.manifest" /MANIFESTUAC:"level='asInvoker' uiAccess='false'" /DEBUG /PDB:"C:\Users\Srikara\documents\visual studio 2010\Projects\Smart_India_bySBS_SGN\Debug\Smart_India_bySBS_SGN.pdb" /SUBSYSTEM:CONSOLE /TLBID:1 /DYNAMICBASE /NXCOMPAT /IMPLIB:"C:\Users\Srikara\documents\visual studio 2010\Projects\Smart_India_bySBS_SGN\Debug\Smart_India_bySBS_SGN.lib" /MACHINE:X86 Debug\Smart_India_bySBS_SGN.exe.embed.manifest.res
         Debug\smart.obj
       Manifest:
         C:\Program Files (x86)\Microsoft SDKs\Windows\v7.0A\bin\mt.exe /nologo /verbose /out:"Debug\Smart_India_bySBS_SGN.exe.embed.manifest" /manifest Debug\Smart_India_bySBS_SGN.exe.intermediate.manifest
         All outputs are up-to-date.
       LinkEmbedManifest:
         All outputs are up-to-date.
         Smart_India_bySBS_SGN.vcxproj -> C:\Users\Srikara\documents\visual studio 2010\Projects\Smart_India_bySBS_SGN\Debug\Smart_India_bySBS_SGN.exe
       FinalizeBuildStatus:
         Deleting file "Debug\Smart_India_bySBS_SGN.unsuccessfulbuild".
         Touching "Debug\Smart_India_bySBS_SGN.lastbuildstate".
     1>Done Building Project "C:\Users\Srikara\documents\visual studio 2010\Projects\Smart_India_bySBS_SGN\Smart_India_bySBS_SGN\Smart_India_bySBS_SGN.vcxproj" (build target(s)).

Build succeeded.

Time Elapsed 00:00:10.07
